<?xml version="1.0" encoding="UTF-8"?>
<coverage generated="1783340384553" clover="3.2.0">
  <project timestamp="1783340384553" name="All files">
    <metrics statements="30" coveredstatements="28" conditionals="20" coveredconditionals="17" methods="5" coveredmethods="4" elements="55" coveredelements="49" complexity="0" loc="30" ncloc="30" packages="1" files="2" classes="2"/>
    <file name="cache.js" path="/Users/emperor/Documents/aws-engineering-journey/projects/cloudfront-sns-optimization/app/cache.js">
      <metrics statements="17" coveredstatements="17" conditionals="12" coveredconditionals="10" methods="3" coveredmethods="3"/>
      <line num="1" count="1" type="stmt"/>
      <line num="5" count="1" type="stmt"/>
      <line num="17" count="1" type="stmt"/>
      <line num="20" count="1" type="stmt"/>
      <line num="21" count="1" type="cond" truecount="1" falsecount="1"/>
      <line num="22" count="1" type="stmt"/>
      <line num="38" count="8" type="stmt"/>
      <line num="39" count="8" type="cond" truecount="2" falsecount="0"/>
      <line num="40" count="3" type="stmt"/>
      <line num="41" count="3" type="stmt"/>
      <line num="44" count="5" type="stmt"/>
      <line num="45" count="5" type="stmt"/>
      <line num="46" count="5" type="cond" truecount="3" falsecount="1"/>
      <line num="47" count="5" type="stmt"/>
      <line num="49" count="5" type="stmt"/>
      <line num="53" count="1" type="stmt"/>
      <line num="56" count="1" type="stmt"/>
    </file>
    <file name="sns.js" path="/Users/emperor/Documents/aws-engineering-journey/projects/cloudfront-sns-optimization/app/sns.js">
      <metrics statements="13" coveredstatements="11" conditionals="8" coveredconditionals="7" methods="2" coveredmethods="1"/>
      <line num="1" count="1" type="stmt"/>
      <line num="3" count="1" type="cond" truecount="2" falsecount="0"/>
      <line num="18" count="5" type="stmt"/>
      <line num="19" count="5" type="cond" truecount="1" falsecount="1"/>
      <line num="20" count="5" type="stmt"/>
      <line num="22" count="5" type="cond" truecount="2" falsecount="0"/>
      <line num="23" count="3" type="stmt"/>
      <line num="25" count="5" type="cond" truecount="2" falsecount="0"/>
      <line num="26" count="1" type="stmt"/>
      <line num="28" count="5" type="stmt"/>
      <line num="32" count="0" type="stmt"/>
      <line num="37" count="0" type="stmt"/>
      <line num="40" count="1" type="stmt"/>
    </file>
  </project>
</coverage>
