{"/Users/emperor/Documents/aws-engineering-journey/projects/cloudfront-sns-optimization/app/cache.js": {"path":"/Users/emperor/Documents/aws-engineering-journey/projects/cloudfront-sns-optimization/app/cache.js","statementMap":{"0":{"start":{"line":1,"column":14},"end":{"line":1,"column":32}},"1":{"start":{"line":5,"column":14},"end":{"line":12,"column":2}},"2":{"start":{"line":17,"column":16},"end":{"line":17,"column":38}},"3":{"start":{"line":20,"column":16},"end":{"line":20,"column":45}},"4":{"start":{"line":21,"column":2},"end":{"line":21,"column":68}},"5":{"start":{"line":21,"column":19},"end":{"line":21,"column":68}},"6":{"start":{"line":22,"column":2},"end":{"line":26,"column":4}},"7":{"start":{"line":38,"column":17},"end":{"line":38,"column":37}},"8":{"start":{"line":39,"column":2},"end":{"line":42,"column":3}},"9":{"start":{"line":40,"column":4},"end":{"line":40,"column":22}},"10":{"start":{"line":41,"column":4},"end":{"line":41,"column":57}},"11":{"start":{"line":44,"column":2},"end":{"line":44,"column":22}},"12":{"start":{"line":45,"column":16},"end":{"line":45,"column":30}},"13":{"start":{"line":46,"column":2},"end":{"line":48,"column":3}},"14":{"start":{"line":47,"column":4},"end":{"line":47,"column":66}},"15":{"start":{"line":49,"column":2},"end":{"line":49,"column":45}},"16":{"start":{"line":53,"column":2},"end":{"line":53,"column":23}},"17":{"start":{"line":56,"column":0},"end":{"line":56,"column":72}}},"fnMap":{"0":{"name":"getHitRate","decl":{"start":{"line":19,"column":9},"end":{"line":19,"column":19}},"loc":{"start":{"line":19,"column":22},"end":{"line":27,"column":1}},"line":19},"1":{"name":"cacheAside","decl":{"start":{"line":37,"column":15},"end":{"line":37,"column":25}},"loc":{"start":{"line":37,"column":51},"end":{"line":50,"column":1}},"line":37},"2":{"name":"invalidate","decl":{"start":{"line":52,"column":15},"end":{"line":52,"column":25}},"loc":{"start":{"line":52,"column":31},"end":{"line":54,"column":1}},"line":52}},"branchMap":{"0":{"loc":{"start":{"line":6,"column":8},"end":{"line":6,"column":45}},"type":"binary-expr","locations":[{"start":{"line":6,"column":8},"end":{"line":6,"column":30}},{"start":{"line":6,"column":34},"end":{"line":6,"column":45}}],"line":6},"1":{"loc":{"start":{"line":7,"column":8},"end":{"line":7,"column":38}},"type":"binary-expr","locations":[{"start":{"line":7,"column":8},"end":{"line":7,"column":30}},{"start":{"line":7,"column":34},"end":{"line":7,"column":38}}],"line":7},"2":{"loc":{"start":{"line":21,"column":2},"end":{"line":21,"column":68}},"type":"if","locations":[{"start":{"line":21,"column":2},"end":{"line":21,"column":68}},{"start":{},"end":{}}],"line":21},"3":{"loc":{"start":{"line":39,"column":2},"end":{"line":42,"column":3}},"type":"if","locations":[{"start":{"line":39,"column":2},"end":{"line":42,"column":3}},{"start":{},"end":{}}],"line":39},"4":{"loc":{"start":{"line":46,"column":2},"end":{"line":48,"column":3}},"type":"if","locations":[{"start":{"line":46,"column":2},"end":{"line":48,"column":3}},{"start":{},"end":{}}],"line":46},"5":{"loc":{"start":{"line":46,"column":6},"end":{"line":46,"column":43}},"type":"binary-expr","locations":[{"start":{"line":46,"column":6},"end":{"line":46,"column":20}},{"start":{"line":46,"column":24},"end":{"line":46,"column":43}}],"line":46}},"s":{"0":1,"1":1,"2":1,"3":1,"4":1,"5":0,"6":1,"7":8,"8":8,"9":3,"10":3,"11":5,"12":5,"13":5,"14":5,"15":5,"16":1,"17":1},"f":{"0":1,"1":8,"2":1},"b":{"0":[1,1],"1":[1,1],"2":[0,1],"3":[3,5],"4":[5,0],"5":[5,5]},"_coverageSchema":"1a1c01bbd47fc00a2c39e90264f33305004495a9","hash":"4037053d0801023d6d9c9a41c2eba022f60c1d7c"}
,"/Users/emperor/Documents/aws-engineering-journey/projects/cloudfront-sns-optimization/app/sns.js": {"path":"/Users/emperor/Documents/aws-engineering-journey/projects/cloudfront-sns-optimization/app/sns.js","statementMap":{"0":{"start":{"line":1,"column":38},"end":{"line":1,"column":68}},"1":{"start":{"line":3,"column":15},"end":{"line":3,"column":80}},"2":{"start":{"line":18,"column":16},"end":{"line":18,"column":18}},"3":{"start":{"line":19,"column":2},"end":{"line":21,"column":3}},"4":{"start":{"line":20,"column":4},"end":{"line":20,"column":69}},"5":{"start":{"line":22,"column":2},"end":{"line":24,"column":3}},"6":{"start":{"line":23,"column":4},"end":{"line":23,"column":81}},"7":{"start":{"line":25,"column":2},"end":{"line":27,"column":3}},"8":{"start":{"line":26,"column":4},"end":{"line":26,"column":63}},"9":{"start":{"line":28,"column":2},"end":{"line":28,"column":15}},"10":{"start":{"line":32,"column":18},"end":{"line":36,"column":4}},"11":{"start":{"line":37,"column":2},"end":{"line":37,"column":30}},"12":{"start":{"line":40,"column":0},"end":{"line":40,"column":73}}},"fnMap":{"0":{"name":"buildMessageAttributes","decl":{"start":{"line":17,"column":9},"end":{"line":17,"column":31}},"loc":{"start":{"line":17,"column":72},"end":{"line":29,"column":1}},"line":17},"1":{"name":"publishProductEvent","decl":{"start":{"line":31,"column":15},"end":{"line":31,"column":34}},"loc":{"start":{"line":31,"column":70},"end":{"line":38,"column":1}},"line":31}},"branchMap":{"0":{"loc":{"start":{"line":3,"column":39},"end":{"line":3,"column":77}},"type":"binary-expr","locations":[{"start":{"line":3,"column":39},"end":{"line":3,"column":61}},{"start":{"line":3,"column":65},"end":{"line":3,"column":77}}],"line":3},"1":{"loc":{"start":{"line":19,"column":2},"end":{"line":21,"column":3}},"type":"if","locations":[{"start":{"line":19,"column":2},"end":{"line":21,"column":3}},{"start":{},"end":{}}],"line":19},"2":{"loc":{"start":{"line":22,"column":2},"end":{"line":24,"column":3}},"type":"if","locations":[{"start":{"line":22,"column":2},"end":{"line":24,"column":3}},{"start":{},"end":{}}],"line":22},"3":{"loc":{"start":{"line":25,"column":2},"end":{"line":27,"column":3}},"type":"if","locations":[{"start":{"line":25,"column":2},"end":{"line":27,"column":3}},{"start":{},"end":{}}],"line":25}},"s":{"0":1,"1":1,"2":5,"3":5,"4":5,"5":5,"6":3,"7":5,"8":1,"9":5,"10":0,"11":0,"12":1},"f":{"0":5,"1":0},"b":{"0":[1,1],"1":[5,0],"2":[3,2],"3":[1,4]},"_coverageSchema":"1a1c01bbd47fc00a2c39e90264f33305004495a9","hash":"1b3ab33c15a115c1d3e6fb700c43766cdc5ae4a3"}
}
