TN:
SF:cache.js
FN:19,getHitRate
FN:37,cacheAside
FN:52,invalidate
FNF:3
FNH:3
FNDA:1,getHitRate
FNDA:8,cacheAside
FNDA:1,invalidate
DA:1,1
DA:5,1
DA:17,1
DA:20,1
DA:21,1
DA:22,1
DA:38,8
DA:39,8
DA:40,3
DA:41,3
DA:44,5
DA:45,5
DA:46,5
DA:47,5
DA:49,5
DA:53,1
DA:56,1
LF:17
LH:17
BRDA:6,0,0,1
BRDA:6,0,1,1
BRDA:7,1,0,1
BRDA:7,1,1,1
BRDA:21,2,0,0
BRDA:21,2,1,1
BRDA:39,3,0,3
BRDA:39,3,1,5
BRDA:46,4,0,5
BRDA:46,4,1,0
BRDA:46,5,0,5
BRDA:46,5,1,5
BRF:12
BRH:10
end_of_record
TN:
SF:sns.js
FN:17,buildMessageAttributes
FN:31,publishProductEvent
FNF:2
FNH:1
FNDA:5,buildMessageAttributes
FNDA:0,publishProductEvent
DA:1,1
DA:3,1
DA:18,5
DA:19,5
DA:20,5
DA:22,5
DA:23,3
DA:25,5
DA:26,1
DA:28,5
DA:32,0
DA:37,0
DA:40,1
LF:13
LH:11
BRDA:3,0,0,1
BRDA:3,0,1,1
BRDA:19,1,0,5
BRDA:19,1,1,0
BRDA:22,2,0,3
BRDA:22,2,1,2
BRDA:25,3,0,1
BRDA:25,3,1,4
BRF:8
BRH:7
end_of_record
